<?xml version="1.0" encoding="UTF-8"?>
<!-- Generated by org.testng.reporters.JUnitReportReporter -->
<testsuite hostname="DESKTOP-T2F7TE7" failures="0" tests="1" name="com.stv.design.designtests.MainTest" time="0.047" errors="0" timestamp="2021-10-30T00:58:29 MSK" skipped="0">
  <testcase classname="com.stv.design.designtests.MainTest" name="assertWiggleIconIsDisplayed" time="0.047"/>
  <system-out/>
</testsuite> <!-- com.stv.design.designtests.MainTest -->
